<?xml version="1.0" encoding="UTF-8"?>
<!-- Generated by org.testng.reporters.JUnitReportReporter -->
<testsuite hostname="Roshan99" failures="0" tests="1" name="Axis1.OrangeHRM.ImmigrationFN" time="14.478" errors="0" timestamp="2024-02-29T16:55:23 IST" skipped="0">
  <testcase classname="Axis1.OrangeHRM.ImmigrationFN" name="logintest" time="14.478"/>
  <system-out/>
</testsuite> <!-- Axis1.OrangeHRM.ImmigrationFN -->
