<?xml version="1.0" encoding="UTF-8"?>
<!-- Generated by org.testng.reporters.JUnitReportReporter -->
<testsuite hostname="Roshan99" failures="0" tests="1" name="Axis1.OrangeHRM.Login" time="9.618" errors="0" timestamp="2024-02-29T10:50:20 IST" skipped="0">
  <testcase classname="Axis1.OrangeHRM.Login" name="invokechrome" time="9.618"/>
  <system-out/>
</testsuite> <!-- Axis1.OrangeHRM.Login -->
