<?xml version="1.0" encoding="UTF-8"?>
<!-- Generated by org.testng.reporters.JUnitReportReporter -->
<testsuite hostname="Roshan99" failures="0" tests="1" name="Axis1.OrangeHRM.JobDetails" time="10.940" errors="0" timestamp="2024-02-29T17:10:48 IST" skipped="0">
  <testcase classname="Axis1.OrangeHRM.JobDetails" name="logintest" time="10.940"/>
  <system-out/>
</testsuite> <!-- Axis1.OrangeHRM.JobDetails -->
