<?xml version="1.0" encoding="UTF-8"?>
<!-- Generated by org.testng.reporters.JUnitReportReporter -->
<testsuite hostname="Roshan99" failures="0" tests="1" name="Axis1.OrangeHRM.AddAttachments" time="18.456" errors="0" timestamp="2024-02-29T16:32:53 IST" skipped="0">
  <testcase classname="Axis1.OrangeHRM.AddAttachments" name="logintest" time="18.456"/>
  <system-out/>
</testsuite> <!-- Axis1.OrangeHRM.AddAttachments -->
