<?xml version="1.0" encoding="UTF-8"?>
<!-- Generated by org.testng.reporters.JUnitReportReporter -->
<testsuite hostname="Roshan99" failures="0" tests="1" name="Axis1.OrangeHRM.JobDetails" time="11.056" errors="0" timestamp="2024-02-29T17:11:53 IST" skipped="0">
  <testcase classname="Axis1.OrangeHRM.JobDetails" name="logintest" time="11.056"/>
  <system-out/>
</testsuite> <!-- Axis1.OrangeHRM.JobDetails -->
